<?xml version="1.0" encoding="UTF-8"?>
<!-- Generated by org.testng.reporters.JUnitReportReporter -->
<testsuite hostname="DELL-PC" name="ajjj.basics" tests="1" failures="0" timestamp="17 Dec 2020 06:45:02 GMT" time="0.050" errors="0">
  <testcase name="abc" time="0.050" classname="ajjj.basics"/>
</testsuite> <!-- ajjj.basics -->
